[2023-05-18T11:15:54.768+0000] {taskinstance.py:1165} INFO - Dependencies all met for <TaskInstance: user_processing.create_table scheduled__2023-05-17T00:00:00+00:00 [queued]>
[2023-05-18T11:15:54.775+0000] {taskinstance.py:1165} INFO - Dependencies all met for <TaskInstance: user_processing.create_table scheduled__2023-05-17T00:00:00+00:00 [queued]>
[2023-05-18T11:15:54.776+0000] {taskinstance.py:1362} INFO - 
--------------------------------------------------------------------------------
[2023-05-18T11:15:54.776+0000] {taskinstance.py:1363} INFO - Starting attempt 1 of 1
[2023-05-18T11:15:54.776+0000] {taskinstance.py:1364} INFO - 
--------------------------------------------------------------------------------
[2023-05-18T11:15:54.783+0000] {taskinstance.py:1383} INFO - Executing <Task(PostgresOperator): create_table> on 2023-05-17 00:00:00+00:00
[2023-05-18T11:15:54.788+0000] {standard_task_runner.py:55} INFO - Started process 133 to run task
[2023-05-18T11:15:54.792+0000] {standard_task_runner.py:82} INFO - Running: ['***', 'tasks', 'run', 'user_processing', 'create_table', 'scheduled__2023-05-17T00:00:00+00:00', '--job-id', '5', '--raw', '--subdir', 'DAGS_FOLDER/user_processing.py', '--cfg-path', '/tmp/tmpxs7ofn4q']
[2023-05-18T11:15:54.794+0000] {standard_task_runner.py:83} INFO - Job 5: Subtask create_table
[2023-05-18T11:15:54.862+0000] {task_command.py:376} INFO - Running <TaskInstance: user_processing.create_table scheduled__2023-05-17T00:00:00+00:00 [running]> on host 91fb9fcc78a0
[2023-05-18T11:15:54.919+0000] {taskinstance.py:1592} INFO - Exporting the following env vars:
AIRFLOW_CTX_DAG_OWNER=***
AIRFLOW_CTX_DAG_ID=user_processing
AIRFLOW_CTX_TASK_ID=create_table
AIRFLOW_CTX_EXECUTION_DATE=2023-05-17T00:00:00+00:00
AIRFLOW_CTX_TRY_NUMBER=1
AIRFLOW_CTX_DAG_RUN_ID=scheduled__2023-05-17T00:00:00+00:00
[2023-05-18T11:15:54.929+0000] {base.py:71} INFO - Using connection ID 'postgres' for task execution.
[2023-05-18T11:15:54.935+0000] {sql.py:315} INFO - Running statement: 
            CREATE TABLE IF NOT EXISTS users (
                firstname TEXT NOT NULL,
                lastname TEXT NOT NULL,
                country TEXT NOT NULL,
                username TEXT NOT NULL,
                password TEXT NOT NULL,
                email TEXT NOT NULL
            );
        , parameters: None
[2023-05-18T11:15:54.964+0000] {taskinstance.py:1406} INFO - Marking task as SUCCESS. dag_id=user_processing, task_id=create_table, execution_date=20230517T000000, start_date=20230518T111554, end_date=20230518T111554
[2023-05-18T11:15:55.005+0000] {local_task_job.py:164} INFO - Task exited with return code 0
[2023-05-18T11:15:55.027+0000] {local_task_job.py:273} INFO - 1 downstream tasks scheduled from follow-on schedule check
