[2023-05-18T12:06:58.845+0000] {processor.py:154} INFO - Started process (PID=3718) to work on /opt/airflow/dags/producer.py
[2023-05-18T12:06:58.847+0000] {processor.py:756} INFO - Processing file /opt/airflow/dags/producer.py for tasks to queue
[2023-05-18T12:06:58.848+0000] {logging_mixin.py:120} INFO - [2023-05-18T12:06:58.848+0000] {dagbag.py:537} INFO - Filling up the DagBag from /opt/airflow/dags/producer.py
[2023-05-18T12:06:58.903+0000] {processor.py:766} INFO - DAG(s) dict_keys(['producer']) retrieved from /opt/airflow/dags/producer.py
[2023-05-18T12:06:59.102+0000] {logging_mixin.py:120} INFO - [2023-05-18T12:06:59.102+0000] {manager.py:507} INFO - Created Permission View: can read on DAG:producer
[2023-05-18T12:06:59.110+0000] {logging_mixin.py:120} INFO - [2023-05-18T12:06:59.109+0000] {manager.py:507} INFO - Created Permission View: can delete on DAG:producer
[2023-05-18T12:06:59.115+0000] {logging_mixin.py:120} INFO - [2023-05-18T12:06:59.115+0000] {manager.py:507} INFO - Created Permission View: can edit on DAG:producer
[2023-05-18T12:06:59.116+0000] {logging_mixin.py:120} INFO - [2023-05-18T12:06:59.116+0000] {dag.py:2585} INFO - Sync 1 DAGs
[2023-05-18T12:06:59.125+0000] {logging_mixin.py:120} INFO - [2023-05-18T12:06:59.125+0000] {dag.py:2606} INFO - Creating ORM DAG for producer
[2023-05-18T12:06:59.134+0000] {logging_mixin.py:120} INFO - [2023-05-18T12:06:59.134+0000] {dag.py:3340} INFO - Setting next_dagrun for producer to 2023-05-17T00:00:00+00:00, run_after=2023-05-18T00:00:00+00:00
[2023-05-18T12:06:59.153+0000] {processor.py:176} INFO - Processing /opt/airflow/dags/producer.py took 0.314 seconds
[2023-05-18T12:07:29.244+0000] {processor.py:154} INFO - Started process (PID=3784) to work on /opt/airflow/dags/producer.py
[2023-05-18T12:07:29.247+0000] {processor.py:756} INFO - Processing file /opt/airflow/dags/producer.py for tasks to queue
[2023-05-18T12:07:29.249+0000] {logging_mixin.py:120} INFO - [2023-05-18T12:07:29.249+0000] {dagbag.py:537} INFO - Filling up the DagBag from /opt/airflow/dags/producer.py
[2023-05-18T12:07:29.312+0000] {processor.py:766} INFO - DAG(s) dict_keys(['producer']) retrieved from /opt/airflow/dags/producer.py
[2023-05-18T12:07:29.380+0000] {logging_mixin.py:120} INFO - [2023-05-18T12:07:29.380+0000] {dag.py:2585} INFO - Sync 1 DAGs
[2023-05-18T12:07:29.517+0000] {logging_mixin.py:120} INFO - [2023-05-18T12:07:29.517+0000] {dag.py:3340} INFO - Setting next_dagrun for producer to 2023-05-17T00:00:00+00:00, run_after=2023-05-18T00:00:00+00:00
[2023-05-18T12:07:29.563+0000] {processor.py:176} INFO - Processing /opt/airflow/dags/producer.py took 0.328 seconds
[2023-05-18T12:08:00.333+0000] {processor.py:154} INFO - Started process (PID=3850) to work on /opt/airflow/dags/producer.py
[2023-05-18T12:08:00.335+0000] {processor.py:756} INFO - Processing file /opt/airflow/dags/producer.py for tasks to queue
[2023-05-18T12:08:00.337+0000] {logging_mixin.py:120} INFO - [2023-05-18T12:08:00.337+0000] {dagbag.py:537} INFO - Filling up the DagBag from /opt/airflow/dags/producer.py
[2023-05-18T12:08:00.371+0000] {processor.py:766} INFO - DAG(s) dict_keys(['producer']) retrieved from /opt/airflow/dags/producer.py
[2023-05-18T12:08:00.442+0000] {logging_mixin.py:120} INFO - [2023-05-18T12:08:00.442+0000] {dag.py:2585} INFO - Sync 1 DAGs
[2023-05-18T12:08:00.462+0000] {logging_mixin.py:120} INFO - [2023-05-18T12:08:00.462+0000] {dag.py:3340} INFO - Setting next_dagrun for producer to 2023-05-17T00:00:00+00:00, run_after=2023-05-18T00:00:00+00:00
[2023-05-18T12:08:00.478+0000] {processor.py:176} INFO - Processing /opt/airflow/dags/producer.py took 0.152 seconds
[2023-05-18T12:08:30.621+0000] {processor.py:154} INFO - Started process (PID=3916) to work on /opt/airflow/dags/producer.py
[2023-05-18T12:08:30.624+0000] {processor.py:756} INFO - Processing file /opt/airflow/dags/producer.py for tasks to queue
[2023-05-18T12:08:30.626+0000] {logging_mixin.py:120} INFO - [2023-05-18T12:08:30.625+0000] {dagbag.py:537} INFO - Filling up the DagBag from /opt/airflow/dags/producer.py
[2023-05-18T12:08:30.656+0000] {processor.py:766} INFO - DAG(s) dict_keys(['producer']) retrieved from /opt/airflow/dags/producer.py
[2023-05-18T12:08:30.695+0000] {logging_mixin.py:120} INFO - [2023-05-18T12:08:30.695+0000] {dag.py:2585} INFO - Sync 1 DAGs
[2023-05-18T12:08:30.716+0000] {logging_mixin.py:120} INFO - [2023-05-18T12:08:30.716+0000] {dag.py:3340} INFO - Setting next_dagrun for producer to 2023-05-17T00:00:00+00:00, run_after=2023-05-18T00:00:00+00:00
[2023-05-18T12:08:30.730+0000] {processor.py:176} INFO - Processing /opt/airflow/dags/producer.py took 0.117 seconds
[2023-05-18T12:09:00.908+0000] {processor.py:154} INFO - Started process (PID=3982) to work on /opt/airflow/dags/producer.py
[2023-05-18T12:09:00.911+0000] {processor.py:756} INFO - Processing file /opt/airflow/dags/producer.py for tasks to queue
[2023-05-18T12:09:00.913+0000] {logging_mixin.py:120} INFO - [2023-05-18T12:09:00.912+0000] {dagbag.py:537} INFO - Filling up the DagBag from /opt/airflow/dags/producer.py
[2023-05-18T12:09:00.952+0000] {processor.py:766} INFO - DAG(s) dict_keys(['producer']) retrieved from /opt/airflow/dags/producer.py
[2023-05-18T12:09:00.994+0000] {logging_mixin.py:120} INFO - [2023-05-18T12:09:00.994+0000] {dag.py:2585} INFO - Sync 1 DAGs
[2023-05-18T12:09:01.018+0000] {logging_mixin.py:120} INFO - [2023-05-18T12:09:01.018+0000] {dag.py:3340} INFO - Setting next_dagrun for producer to 2023-05-17T00:00:00+00:00, run_after=2023-05-18T00:00:00+00:00
[2023-05-18T12:09:01.034+0000] {processor.py:176} INFO - Processing /opt/airflow/dags/producer.py took 0.135 seconds
[2023-05-18T12:09:31.518+0000] {processor.py:154} INFO - Started process (PID=4047) to work on /opt/airflow/dags/producer.py
[2023-05-18T12:09:31.528+0000] {processor.py:756} INFO - Processing file /opt/airflow/dags/producer.py for tasks to queue
[2023-05-18T12:09:31.530+0000] {logging_mixin.py:120} INFO - [2023-05-18T12:09:31.529+0000] {dagbag.py:537} INFO - Filling up the DagBag from /opt/airflow/dags/producer.py
[2023-05-18T12:09:31.568+0000] {processor.py:766} INFO - DAG(s) dict_keys(['producer']) retrieved from /opt/airflow/dags/producer.py
[2023-05-18T12:09:31.653+0000] {logging_mixin.py:120} INFO - [2023-05-18T12:09:31.653+0000] {dag.py:2585} INFO - Sync 1 DAGs
[2023-05-18T12:09:31.696+0000] {logging_mixin.py:120} INFO - [2023-05-18T12:09:31.695+0000] {dag.py:3340} INFO - Setting next_dagrun for producer to 2023-05-17T00:00:00+00:00, run_after=2023-05-18T00:00:00+00:00
[2023-05-18T12:09:31.730+0000] {processor.py:176} INFO - Processing /opt/airflow/dags/producer.py took 0.223 seconds
[2023-05-18T12:10:02.682+0000] {processor.py:154} INFO - Started process (PID=4104) to work on /opt/airflow/dags/producer.py
[2023-05-18T12:10:02.685+0000] {processor.py:756} INFO - Processing file /opt/airflow/dags/producer.py for tasks to queue
[2023-05-18T12:10:02.688+0000] {logging_mixin.py:120} INFO - [2023-05-18T12:10:02.688+0000] {dagbag.py:537} INFO - Filling up the DagBag from /opt/airflow/dags/producer.py
[2023-05-18T12:10:02.726+0000] {processor.py:766} INFO - DAG(s) dict_keys(['producer']) retrieved from /opt/airflow/dags/producer.py
[2023-05-18T12:10:02.799+0000] {logging_mixin.py:120} INFO - [2023-05-18T12:10:02.798+0000] {dag.py:2585} INFO - Sync 1 DAGs
[2023-05-18T12:10:02.822+0000] {logging_mixin.py:120} INFO - [2023-05-18T12:10:02.822+0000] {dag.py:3340} INFO - Setting next_dagrun for producer to 2023-05-17T00:00:00+00:00, run_after=2023-05-18T00:00:00+00:00
[2023-05-18T12:10:02.837+0000] {processor.py:176} INFO - Processing /opt/airflow/dags/producer.py took 0.174 seconds
[2023-05-18T12:10:33.414+0000] {processor.py:154} INFO - Started process (PID=4170) to work on /opt/airflow/dags/producer.py
[2023-05-18T12:10:33.417+0000] {processor.py:756} INFO - Processing file /opt/airflow/dags/producer.py for tasks to queue
[2023-05-18T12:10:33.419+0000] {logging_mixin.py:120} INFO - [2023-05-18T12:10:33.419+0000] {dagbag.py:537} INFO - Filling up the DagBag from /opt/airflow/dags/producer.py
[2023-05-18T12:10:33.455+0000] {processor.py:766} INFO - DAG(s) dict_keys(['producer']) retrieved from /opt/airflow/dags/producer.py
[2023-05-18T12:10:33.519+0000] {logging_mixin.py:120} INFO - [2023-05-18T12:10:33.519+0000] {dag.py:2585} INFO - Sync 1 DAGs
[2023-05-18T12:10:33.542+0000] {logging_mixin.py:120} INFO - [2023-05-18T12:10:33.542+0000] {dag.py:3340} INFO - Setting next_dagrun for producer to 2023-05-17T00:00:00+00:00, run_after=2023-05-18T00:00:00+00:00
[2023-05-18T12:10:33.556+0000] {processor.py:176} INFO - Processing /opt/airflow/dags/producer.py took 0.156 seconds
[2023-05-18T12:11:03.747+0000] {processor.py:154} INFO - Started process (PID=4237) to work on /opt/airflow/dags/producer.py
[2023-05-18T12:11:03.750+0000] {processor.py:756} INFO - Processing file /opt/airflow/dags/producer.py for tasks to queue
[2023-05-18T12:11:03.752+0000] {logging_mixin.py:120} INFO - [2023-05-18T12:11:03.752+0000] {dagbag.py:537} INFO - Filling up the DagBag from /opt/airflow/dags/producer.py
[2023-05-18T12:11:03.807+0000] {processor.py:766} INFO - DAG(s) dict_keys(['producer']) retrieved from /opt/airflow/dags/producer.py
[2023-05-18T12:11:03.872+0000] {logging_mixin.py:120} INFO - [2023-05-18T12:11:03.872+0000] {dag.py:2585} INFO - Sync 1 DAGs
[2023-05-18T12:11:03.899+0000] {logging_mixin.py:120} INFO - [2023-05-18T12:11:03.898+0000] {dag.py:3340} INFO - Setting next_dagrun for producer to 2023-05-17T00:00:00+00:00, run_after=2023-05-18T00:00:00+00:00
[2023-05-18T12:11:03.916+0000] {processor.py:176} INFO - Processing /opt/airflow/dags/producer.py took 0.178 seconds
[2023-05-18T12:11:34.143+0000] {processor.py:154} INFO - Started process (PID=4303) to work on /opt/airflow/dags/producer.py
[2023-05-18T12:11:34.146+0000] {processor.py:756} INFO - Processing file /opt/airflow/dags/producer.py for tasks to queue
[2023-05-18T12:11:34.148+0000] {logging_mixin.py:120} INFO - [2023-05-18T12:11:34.148+0000] {dagbag.py:537} INFO - Filling up the DagBag from /opt/airflow/dags/producer.py
[2023-05-18T12:11:34.177+0000] {processor.py:766} INFO - DAG(s) dict_keys(['producer']) retrieved from /opt/airflow/dags/producer.py
[2023-05-18T12:11:34.235+0000] {logging_mixin.py:120} INFO - [2023-05-18T12:11:34.235+0000] {dag.py:2585} INFO - Sync 1 DAGs
[2023-05-18T12:11:34.257+0000] {logging_mixin.py:120} INFO - [2023-05-18T12:11:34.257+0000] {dag.py:3340} INFO - Setting next_dagrun for producer to 2023-05-17T00:00:00+00:00, run_after=2023-05-18T00:00:00+00:00
[2023-05-18T12:11:34.276+0000] {processor.py:176} INFO - Processing /opt/airflow/dags/producer.py took 0.149 seconds
[2023-05-18T12:12:04.468+0000] {processor.py:154} INFO - Started process (PID=4361) to work on /opt/airflow/dags/producer.py
[2023-05-18T12:12:04.471+0000] {processor.py:756} INFO - Processing file /opt/airflow/dags/producer.py for tasks to queue
[2023-05-18T12:12:04.472+0000] {logging_mixin.py:120} INFO - [2023-05-18T12:12:04.472+0000] {dagbag.py:537} INFO - Filling up the DagBag from /opt/airflow/dags/producer.py
[2023-05-18T12:12:04.516+0000] {processor.py:766} INFO - DAG(s) dict_keys(['producer']) retrieved from /opt/airflow/dags/producer.py
[2023-05-18T12:12:04.589+0000] {logging_mixin.py:120} INFO - [2023-05-18T12:12:04.589+0000] {dag.py:2585} INFO - Sync 1 DAGs
[2023-05-18T12:12:04.624+0000] {logging_mixin.py:120} INFO - [2023-05-18T12:12:04.624+0000] {dag.py:3340} INFO - Setting next_dagrun for producer to 2023-05-17T00:00:00+00:00, run_after=2023-05-18T00:00:00+00:00
[2023-05-18T12:12:04.642+0000] {processor.py:176} INFO - Processing /opt/airflow/dags/producer.py took 0.183 seconds
[2023-05-18T12:12:35.005+0000] {processor.py:154} INFO - Started process (PID=4428) to work on /opt/airflow/dags/producer.py
[2023-05-18T12:12:35.009+0000] {processor.py:756} INFO - Processing file /opt/airflow/dags/producer.py for tasks to queue
[2023-05-18T12:12:35.011+0000] {logging_mixin.py:120} INFO - [2023-05-18T12:12:35.011+0000] {dagbag.py:537} INFO - Filling up the DagBag from /opt/airflow/dags/producer.py
[2023-05-18T12:12:35.043+0000] {processor.py:766} INFO - DAG(s) dict_keys(['producer']) retrieved from /opt/airflow/dags/producer.py
[2023-05-18T12:12:35.083+0000] {logging_mixin.py:120} INFO - [2023-05-18T12:12:35.083+0000] {dag.py:2585} INFO - Sync 1 DAGs
[2023-05-18T12:12:35.104+0000] {logging_mixin.py:120} INFO - [2023-05-18T12:12:35.104+0000] {dag.py:3340} INFO - Setting next_dagrun for producer to 2023-05-17T00:00:00+00:00, run_after=2023-05-18T00:00:00+00:00
[2023-05-18T12:12:35.122+0000] {processor.py:176} INFO - Processing /opt/airflow/dags/producer.py took 0.125 seconds
[2023-05-18T12:13:05.588+0000] {processor.py:154} INFO - Started process (PID=4495) to work on /opt/airflow/dags/producer.py
[2023-05-18T12:13:05.592+0000] {processor.py:756} INFO - Processing file /opt/airflow/dags/producer.py for tasks to queue
[2023-05-18T12:13:05.594+0000] {logging_mixin.py:120} INFO - [2023-05-18T12:13:05.594+0000] {dagbag.py:537} INFO - Filling up the DagBag from /opt/airflow/dags/producer.py
[2023-05-18T12:13:05.640+0000] {processor.py:766} INFO - DAG(s) dict_keys(['producer']) retrieved from /opt/airflow/dags/producer.py
[2023-05-18T12:13:05.698+0000] {logging_mixin.py:120} INFO - [2023-05-18T12:13:05.698+0000] {dag.py:2585} INFO - Sync 1 DAGs
[2023-05-18T12:13:05.729+0000] {logging_mixin.py:120} INFO - [2023-05-18T12:13:05.729+0000] {dag.py:3340} INFO - Setting next_dagrun for producer to 2023-05-18T00:00:00+00:00, run_after=2023-05-19T00:00:00+00:00
[2023-05-18T12:13:05.747+0000] {processor.py:176} INFO - Processing /opt/airflow/dags/producer.py took 0.169 seconds
[2023-05-18T12:13:36.052+0000] {processor.py:154} INFO - Started process (PID=4562) to work on /opt/airflow/dags/producer.py
[2023-05-18T12:13:36.056+0000] {processor.py:756} INFO - Processing file /opt/airflow/dags/producer.py for tasks to queue
[2023-05-18T12:13:36.058+0000] {logging_mixin.py:120} INFO - [2023-05-18T12:13:36.057+0000] {dagbag.py:537} INFO - Filling up the DagBag from /opt/airflow/dags/producer.py
[2023-05-18T12:13:36.102+0000] {processor.py:766} INFO - DAG(s) dict_keys(['producer']) retrieved from /opt/airflow/dags/producer.py
[2023-05-18T12:13:36.146+0000] {logging_mixin.py:120} INFO - [2023-05-18T12:13:36.146+0000] {dag.py:2585} INFO - Sync 1 DAGs
[2023-05-18T12:13:36.169+0000] {logging_mixin.py:120} INFO - [2023-05-18T12:13:36.169+0000] {dag.py:3340} INFO - Setting next_dagrun for producer to 2023-05-18T00:00:00+00:00, run_after=2023-05-19T00:00:00+00:00
[2023-05-18T12:13:36.189+0000] {processor.py:176} INFO - Processing /opt/airflow/dags/producer.py took 0.145 seconds
[2023-05-18T12:14:06.466+0000] {processor.py:154} INFO - Started process (PID=4629) to work on /opt/airflow/dags/producer.py
[2023-05-18T12:14:06.469+0000] {processor.py:756} INFO - Processing file /opt/airflow/dags/producer.py for tasks to queue
[2023-05-18T12:14:06.471+0000] {logging_mixin.py:120} INFO - [2023-05-18T12:14:06.470+0000] {dagbag.py:537} INFO - Filling up the DagBag from /opt/airflow/dags/producer.py
[2023-05-18T12:14:06.497+0000] {processor.py:766} INFO - DAG(s) dict_keys(['producer']) retrieved from /opt/airflow/dags/producer.py
[2023-05-18T12:14:06.528+0000] {logging_mixin.py:120} INFO - [2023-05-18T12:14:06.528+0000] {dag.py:2585} INFO - Sync 1 DAGs
[2023-05-18T12:14:06.545+0000] {logging_mixin.py:120} INFO - [2023-05-18T12:14:06.545+0000] {dag.py:3340} INFO - Setting next_dagrun for producer to 2023-05-18T00:00:00+00:00, run_after=2023-05-19T00:00:00+00:00
[2023-05-18T12:14:06.557+0000] {processor.py:176} INFO - Processing /opt/airflow/dags/producer.py took 0.097 seconds
[2023-05-18T12:14:36.697+0000] {processor.py:154} INFO - Started process (PID=4688) to work on /opt/airflow/dags/producer.py
[2023-05-18T12:14:36.700+0000] {processor.py:756} INFO - Processing file /opt/airflow/dags/producer.py for tasks to queue
[2023-05-18T12:14:36.701+0000] {logging_mixin.py:120} INFO - [2023-05-18T12:14:36.701+0000] {dagbag.py:537} INFO - Filling up the DagBag from /opt/airflow/dags/producer.py
[2023-05-18T12:14:36.736+0000] {processor.py:766} INFO - DAG(s) dict_keys(['producer']) retrieved from /opt/airflow/dags/producer.py
[2023-05-18T12:14:36.771+0000] {logging_mixin.py:120} INFO - [2023-05-18T12:14:36.771+0000] {dag.py:2585} INFO - Sync 1 DAGs
[2023-05-18T12:14:36.791+0000] {logging_mixin.py:120} INFO - [2023-05-18T12:14:36.791+0000] {dag.py:3340} INFO - Setting next_dagrun for producer to 2023-05-18T00:00:00+00:00, run_after=2023-05-19T00:00:00+00:00
[2023-05-18T12:14:36.803+0000] {processor.py:176} INFO - Processing /opt/airflow/dags/producer.py took 0.113 seconds
[2023-05-18T12:15:06.854+0000] {processor.py:154} INFO - Started process (PID=4755) to work on /opt/airflow/dags/producer.py
[2023-05-18T12:15:06.856+0000] {processor.py:756} INFO - Processing file /opt/airflow/dags/producer.py for tasks to queue
[2023-05-18T12:15:06.857+0000] {logging_mixin.py:120} INFO - [2023-05-18T12:15:06.856+0000] {dagbag.py:537} INFO - Filling up the DagBag from /opt/airflow/dags/producer.py
[2023-05-18T12:15:06.877+0000] {processor.py:766} INFO - DAG(s) dict_keys(['producer']) retrieved from /opt/airflow/dags/producer.py
[2023-05-18T12:15:06.911+0000] {logging_mixin.py:120} INFO - [2023-05-18T12:15:06.911+0000] {dag.py:2585} INFO - Sync 1 DAGs
[2023-05-18T12:15:06.928+0000] {logging_mixin.py:120} INFO - [2023-05-18T12:15:06.928+0000] {dag.py:3340} INFO - Setting next_dagrun for producer to 2023-05-18T00:00:00+00:00, run_after=2023-05-19T00:00:00+00:00
[2023-05-18T12:15:06.942+0000] {processor.py:176} INFO - Processing /opt/airflow/dags/producer.py took 0.092 seconds
[2023-05-18T12:15:37.160+0000] {processor.py:154} INFO - Started process (PID=4822) to work on /opt/airflow/dags/producer.py
[2023-05-18T12:15:37.164+0000] {processor.py:756} INFO - Processing file /opt/airflow/dags/producer.py for tasks to queue
[2023-05-18T12:15:37.166+0000] {logging_mixin.py:120} INFO - [2023-05-18T12:15:37.166+0000] {dagbag.py:537} INFO - Filling up the DagBag from /opt/airflow/dags/producer.py
[2023-05-18T12:15:37.203+0000] {processor.py:766} INFO - DAG(s) dict_keys(['producer']) retrieved from /opt/airflow/dags/producer.py
[2023-05-18T12:15:37.243+0000] {logging_mixin.py:120} INFO - [2023-05-18T12:15:37.243+0000] {dag.py:2585} INFO - Sync 1 DAGs
[2023-05-18T12:15:37.286+0000] {logging_mixin.py:120} INFO - [2023-05-18T12:15:37.286+0000] {dag.py:3340} INFO - Setting next_dagrun for producer to 2023-05-18T00:00:00+00:00, run_after=2023-05-19T00:00:00+00:00
[2023-05-18T12:15:37.317+0000] {processor.py:176} INFO - Processing /opt/airflow/dags/producer.py took 0.165 seconds
[2023-05-18T12:16:08.010+0000] {processor.py:154} INFO - Started process (PID=4889) to work on /opt/airflow/dags/producer.py
[2023-05-18T12:16:08.018+0000] {processor.py:756} INFO - Processing file /opt/airflow/dags/producer.py for tasks to queue
[2023-05-18T12:16:08.020+0000] {logging_mixin.py:120} INFO - [2023-05-18T12:16:08.020+0000] {dagbag.py:537} INFO - Filling up the DagBag from /opt/airflow/dags/producer.py
[2023-05-18T12:16:08.059+0000] {processor.py:766} INFO - DAG(s) dict_keys(['producer']) retrieved from /opt/airflow/dags/producer.py
[2023-05-18T12:16:08.098+0000] {logging_mixin.py:120} INFO - [2023-05-18T12:16:08.098+0000] {dag.py:2585} INFO - Sync 1 DAGs
[2023-05-18T12:16:08.118+0000] {logging_mixin.py:120} INFO - [2023-05-18T12:16:08.118+0000] {dag.py:3340} INFO - Setting next_dagrun for producer to 2023-05-18T00:00:00+00:00, run_after=2023-05-19T00:00:00+00:00
[2023-05-18T12:16:08.132+0000] {processor.py:176} INFO - Processing /opt/airflow/dags/producer.py took 0.129 seconds
[2023-05-18T12:16:38.255+0000] {processor.py:154} INFO - Started process (PID=4955) to work on /opt/airflow/dags/producer.py
[2023-05-18T12:16:38.258+0000] {processor.py:756} INFO - Processing file /opt/airflow/dags/producer.py for tasks to queue
[2023-05-18T12:16:38.259+0000] {logging_mixin.py:120} INFO - [2023-05-18T12:16:38.259+0000] {dagbag.py:537} INFO - Filling up the DagBag from /opt/airflow/dags/producer.py
[2023-05-18T12:16:38.289+0000] {processor.py:766} INFO - DAG(s) dict_keys(['producer']) retrieved from /opt/airflow/dags/producer.py
[2023-05-18T12:16:38.322+0000] {logging_mixin.py:120} INFO - [2023-05-18T12:16:38.322+0000] {dag.py:2585} INFO - Sync 1 DAGs
[2023-05-18T12:16:38.339+0000] {logging_mixin.py:120} INFO - [2023-05-18T12:16:38.339+0000] {dag.py:3340} INFO - Setting next_dagrun for producer to 2023-05-18T00:00:00+00:00, run_after=2023-05-19T00:00:00+00:00
[2023-05-18T12:16:38.352+0000] {processor.py:176} INFO - Processing /opt/airflow/dags/producer.py took 0.104 seconds
[2023-05-18T12:17:08.565+0000] {processor.py:154} INFO - Started process (PID=5013) to work on /opt/airflow/dags/producer.py
[2023-05-18T12:17:08.568+0000] {processor.py:756} INFO - Processing file /opt/airflow/dags/producer.py for tasks to queue
[2023-05-18T12:17:08.569+0000] {logging_mixin.py:120} INFO - [2023-05-18T12:17:08.569+0000] {dagbag.py:537} INFO - Filling up the DagBag from /opt/airflow/dags/producer.py
[2023-05-18T12:17:08.596+0000] {processor.py:766} INFO - DAG(s) dict_keys(['producer']) retrieved from /opt/airflow/dags/producer.py
[2023-05-18T12:17:08.628+0000] {logging_mixin.py:120} INFO - [2023-05-18T12:17:08.628+0000] {dag.py:2585} INFO - Sync 1 DAGs
[2023-05-18T12:17:08.644+0000] {logging_mixin.py:120} INFO - [2023-05-18T12:17:08.644+0000] {dag.py:3340} INFO - Setting next_dagrun for producer to 2023-05-18T00:00:00+00:00, run_after=2023-05-19T00:00:00+00:00
[2023-05-18T12:17:08.658+0000] {processor.py:176} INFO - Processing /opt/airflow/dags/producer.py took 0.099 seconds
[2023-05-18T12:17:39.369+0000] {processor.py:154} INFO - Started process (PID=5080) to work on /opt/airflow/dags/producer.py
[2023-05-18T12:17:39.372+0000] {processor.py:756} INFO - Processing file /opt/airflow/dags/producer.py for tasks to queue
[2023-05-18T12:17:39.376+0000] {logging_mixin.py:120} INFO - [2023-05-18T12:17:39.375+0000] {dagbag.py:537} INFO - Filling up the DagBag from /opt/airflow/dags/producer.py
[2023-05-18T12:17:39.413+0000] {processor.py:766} INFO - DAG(s) dict_keys(['producer']) retrieved from /opt/airflow/dags/producer.py
[2023-05-18T12:17:39.473+0000] {logging_mixin.py:120} INFO - [2023-05-18T12:17:39.473+0000] {dag.py:2585} INFO - Sync 1 DAGs
[2023-05-18T12:17:39.515+0000] {logging_mixin.py:120} INFO - [2023-05-18T12:17:39.515+0000] {dag.py:3340} INFO - Setting next_dagrun for producer to 2023-05-18T00:00:00+00:00, run_after=2023-05-19T00:00:00+00:00
[2023-05-18T12:17:39.537+0000] {processor.py:176} INFO - Processing /opt/airflow/dags/producer.py took 0.179 seconds
[2023-05-18T12:18:09.738+0000] {processor.py:154} INFO - Started process (PID=5147) to work on /opt/airflow/dags/producer.py
[2023-05-18T12:18:09.741+0000] {processor.py:756} INFO - Processing file /opt/airflow/dags/producer.py for tasks to queue
[2023-05-18T12:18:09.743+0000] {logging_mixin.py:120} INFO - [2023-05-18T12:18:09.743+0000] {dagbag.py:537} INFO - Filling up the DagBag from /opt/airflow/dags/producer.py
[2023-05-18T12:18:09.775+0000] {processor.py:766} INFO - DAG(s) dict_keys(['producer']) retrieved from /opt/airflow/dags/producer.py
[2023-05-18T12:18:09.808+0000] {logging_mixin.py:120} INFO - [2023-05-18T12:18:09.808+0000] {dag.py:2585} INFO - Sync 1 DAGs
[2023-05-18T12:18:09.826+0000] {logging_mixin.py:120} INFO - [2023-05-18T12:18:09.826+0000] {dag.py:3340} INFO - Setting next_dagrun for producer to 2023-05-18T00:00:00+00:00, run_after=2023-05-19T00:00:00+00:00
[2023-05-18T12:18:09.840+0000] {processor.py:176} INFO - Processing /opt/airflow/dags/producer.py took 0.108 seconds
[2023-05-18T12:18:40.147+0000] {processor.py:154} INFO - Started process (PID=5214) to work on /opt/airflow/dags/producer.py
[2023-05-18T12:18:40.150+0000] {processor.py:756} INFO - Processing file /opt/airflow/dags/producer.py for tasks to queue
[2023-05-18T12:18:40.152+0000] {logging_mixin.py:120} INFO - [2023-05-18T12:18:40.152+0000] {dagbag.py:537} INFO - Filling up the DagBag from /opt/airflow/dags/producer.py
[2023-05-18T12:18:40.212+0000] {processor.py:766} INFO - DAG(s) dict_keys(['producer']) retrieved from /opt/airflow/dags/producer.py
[2023-05-18T12:18:40.294+0000] {logging_mixin.py:120} INFO - [2023-05-18T12:18:40.294+0000] {dag.py:2585} INFO - Sync 1 DAGs
[2023-05-18T12:18:40.319+0000] {logging_mixin.py:120} INFO - [2023-05-18T12:18:40.319+0000] {dag.py:3340} INFO - Setting next_dagrun for producer to 2023-05-18T00:00:00+00:00, run_after=2023-05-19T00:00:00+00:00
[2023-05-18T12:18:40.341+0000] {processor.py:176} INFO - Processing /opt/airflow/dags/producer.py took 0.206 seconds
[2023-05-18T12:19:10.471+0000] {processor.py:154} INFO - Started process (PID=5280) to work on /opt/airflow/dags/producer.py
[2023-05-18T12:19:10.473+0000] {processor.py:756} INFO - Processing file /opt/airflow/dags/producer.py for tasks to queue
[2023-05-18T12:19:10.475+0000] {logging_mixin.py:120} INFO - [2023-05-18T12:19:10.475+0000] {dagbag.py:537} INFO - Filling up the DagBag from /opt/airflow/dags/producer.py
[2023-05-18T12:19:10.526+0000] {processor.py:766} INFO - DAG(s) dict_keys(['producer']) retrieved from /opt/airflow/dags/producer.py
[2023-05-18T12:19:10.589+0000] {logging_mixin.py:120} INFO - [2023-05-18T12:19:10.589+0000] {dag.py:2585} INFO - Sync 1 DAGs
[2023-05-18T12:19:10.616+0000] {logging_mixin.py:120} INFO - [2023-05-18T12:19:10.616+0000] {dag.py:3340} INFO - Setting next_dagrun for producer to 2023-05-18T00:00:00+00:00, run_after=2023-05-19T00:00:00+00:00
[2023-05-18T12:19:10.640+0000] {processor.py:176} INFO - Processing /opt/airflow/dags/producer.py took 0.176 seconds
[2023-05-18T12:19:40.747+0000] {processor.py:154} INFO - Started process (PID=5338) to work on /opt/airflow/dags/producer.py
[2023-05-18T12:19:40.751+0000] {processor.py:756} INFO - Processing file /opt/airflow/dags/producer.py for tasks to queue
[2023-05-18T12:19:40.752+0000] {logging_mixin.py:120} INFO - [2023-05-18T12:19:40.752+0000] {dagbag.py:537} INFO - Filling up the DagBag from /opt/airflow/dags/producer.py
[2023-05-18T12:19:40.783+0000] {processor.py:766} INFO - DAG(s) dict_keys(['producer']) retrieved from /opt/airflow/dags/producer.py
[2023-05-18T12:19:40.824+0000] {logging_mixin.py:120} INFO - [2023-05-18T12:19:40.824+0000] {dag.py:2585} INFO - Sync 1 DAGs
[2023-05-18T12:19:40.846+0000] {logging_mixin.py:120} INFO - [2023-05-18T12:19:40.846+0000] {dag.py:3340} INFO - Setting next_dagrun for producer to 2023-05-18T00:00:00+00:00, run_after=2023-05-19T00:00:00+00:00
[2023-05-18T12:19:40.861+0000] {processor.py:176} INFO - Processing /opt/airflow/dags/producer.py took 0.121 seconds
[2023-05-18T12:20:11.083+0000] {processor.py:154} INFO - Started process (PID=5403) to work on /opt/airflow/dags/producer.py
[2023-05-18T12:20:11.086+0000] {processor.py:756} INFO - Processing file /opt/airflow/dags/producer.py for tasks to queue
[2023-05-18T12:20:11.088+0000] {logging_mixin.py:120} INFO - [2023-05-18T12:20:11.088+0000] {dagbag.py:537} INFO - Filling up the DagBag from /opt/airflow/dags/producer.py
[2023-05-18T12:20:11.125+0000] {processor.py:766} INFO - DAG(s) dict_keys(['producer']) retrieved from /opt/airflow/dags/producer.py
[2023-05-18T12:20:11.167+0000] {logging_mixin.py:120} INFO - [2023-05-18T12:20:11.167+0000] {dag.py:2585} INFO - Sync 1 DAGs
[2023-05-18T12:20:11.191+0000] {logging_mixin.py:120} INFO - [2023-05-18T12:20:11.191+0000] {dag.py:3340} INFO - Setting next_dagrun for producer to 2023-05-18T00:00:00+00:00, run_after=2023-05-19T00:00:00+00:00
[2023-05-18T12:20:11.213+0000] {processor.py:176} INFO - Processing /opt/airflow/dags/producer.py took 0.137 seconds
[2023-05-18T12:20:41.432+0000] {processor.py:154} INFO - Started process (PID=5471) to work on /opt/airflow/dags/producer.py
[2023-05-18T12:20:41.434+0000] {processor.py:756} INFO - Processing file /opt/airflow/dags/producer.py for tasks to queue
[2023-05-18T12:20:41.436+0000] {logging_mixin.py:120} INFO - [2023-05-18T12:20:41.436+0000] {dagbag.py:537} INFO - Filling up the DagBag from /opt/airflow/dags/producer.py
[2023-05-18T12:20:41.470+0000] {processor.py:766} INFO - DAG(s) dict_keys(['producer']) retrieved from /opt/airflow/dags/producer.py
[2023-05-18T12:20:41.518+0000] {logging_mixin.py:120} INFO - [2023-05-18T12:20:41.518+0000] {dag.py:2585} INFO - Sync 1 DAGs
[2023-05-18T12:20:41.554+0000] {logging_mixin.py:120} INFO - [2023-05-18T12:20:41.554+0000] {dag.py:3340} INFO - Setting next_dagrun for producer to 2023-05-18T00:00:00+00:00, run_after=2023-05-19T00:00:00+00:00
[2023-05-18T12:20:41.572+0000] {processor.py:176} INFO - Processing /opt/airflow/dags/producer.py took 0.146 seconds
