[2023-05-18T12:12:37.942+0000] {taskinstance.py:1165} INFO - Dependencies all met for <TaskInstance: consumer.read_dataset dataset_triggered__2023-05-18T12:12:36.973549+00:00 [queued]>
[2023-05-18T12:12:37.950+0000] {taskinstance.py:1165} INFO - Dependencies all met for <TaskInstance: consumer.read_dataset dataset_triggered__2023-05-18T12:12:36.973549+00:00 [queued]>
[2023-05-18T12:12:37.950+0000] {taskinstance.py:1362} INFO - 
--------------------------------------------------------------------------------
[2023-05-18T12:12:37.951+0000] {taskinstance.py:1363} INFO - Starting attempt 1 of 1
[2023-05-18T12:12:37.951+0000] {taskinstance.py:1364} INFO - 
--------------------------------------------------------------------------------
[2023-05-18T12:12:37.961+0000] {taskinstance.py:1383} INFO - Executing <Task(_PythonDecoratedOperator): read_dataset> on 2023-05-18 12:12:36.973549+00:00
[2023-05-18T12:12:37.968+0000] {standard_task_runner.py:55} INFO - Started process 1827 to run task
[2023-05-18T12:12:37.973+0000] {standard_task_runner.py:82} INFO - Running: ['***', 'tasks', 'run', 'consumer', 'read_dataset', 'dataset_triggered__2023-05-18T12:12:36.973549+00:00', '--job-id', '12', '--raw', '--subdir', 'DAGS_FOLDER/consumer.py', '--cfg-path', '/tmp/tmpephmffc_']
[2023-05-18T12:12:37.975+0000] {standard_task_runner.py:83} INFO - Job 12: Subtask read_dataset
[2023-05-18T12:12:38.109+0000] {task_command.py:376} INFO - Running <TaskInstance: consumer.read_dataset dataset_triggered__2023-05-18T12:12:36.973549+00:00 [running]> on host 91fb9fcc78a0
[2023-05-18T12:12:38.287+0000] {taskinstance.py:1592} INFO - Exporting the following env vars:
AIRFLOW_CTX_DAG_OWNER=***
AIRFLOW_CTX_DAG_ID=consumer
AIRFLOW_CTX_TASK_ID=read_dataset
AIRFLOW_CTX_EXECUTION_DATE=2023-05-18T12:12:36.973549+00:00
AIRFLOW_CTX_TRY_NUMBER=1
AIRFLOW_CTX_DAG_RUN_ID=dataset_triggered__2023-05-18T12:12:36.973549+00:00
[2023-05-18T12:12:38.289+0000] {logging_mixin.py:120} INFO - producer updateproducer update
[2023-05-18T12:12:38.290+0000] {python.py:177} INFO - Done. Returned value was: None
[2023-05-18T12:12:38.327+0000] {taskinstance.py:1406} INFO - Marking task as SUCCESS. dag_id=consumer, task_id=read_dataset, execution_date=20230518T121236, start_date=20230518T121237, end_date=20230518T121238
[2023-05-18T12:12:38.393+0000] {local_task_job.py:164} INFO - Task exited with return code 0
[2023-05-18T12:12:38.480+0000] {local_task_job.py:273} INFO - 0 downstream tasks scheduled from follow-on schedule check
